<?xml version="1.0" encoding="UTF-8"?>
<!-- Generated by org.testng.reporters.JUnitReportReporter -->
<testsuite hostname="LAPTOP-G15D87LQ" failures="0" tests="1" name="APITesting.APItestingwithTestNG.Put_request" time="6.054" errors="0" timestamp="17 Jul 2019 18:37:12 GMT" skipped="0">
  <testcase classname="APITesting.APItestingwithTestNG.Put_request" name="egistrationSuccessful" time="6.054"/>
</testsuite> <!-- APITesting.APItestingwithTestNG.Put_request -->
