<?xml version="1.0" encoding="UTF-8"?>
<!-- Generated by org.testng.reporters.JUnitReportReporter -->
<testsuite hostname="LAPTOP-G15D87LQ" failures="0" tests="1" name="APITesting.APItestingwithTestNG.WeatherAPI_Rest_01" time="6.194" errors="0" timestamp="06 Jul 2019 22:01:47 GMT" skipped="0">
  <testcase classname="APITesting.APItestingwithTestNG.WeatherAPI_Rest_01" name="getweatherdetails" time="6.194"/>
</testsuite> <!-- APITesting.APItestingwithTestNG.WeatherAPI_Rest_01 -->
