<?xml version="1.0" encoding="UTF-8"?>
<!-- Generated by org.testng.reporters.JUnitReportReporter -->
<testsuite hostname="LAPTOP-G15D87LQ" failures="0" tests="1" name="APITesting.APItestingwithTestNG.Googleapi_Get" time="4.097" errors="0" timestamp="07 Jul 2019 04:48:03 GMT" skipped="0">
  <testcase classname="APITesting.APItestingwithTestNG.Googleapi_Get" name="googleMapTest" time="4.097"/>
</testsuite> <!-- APITesting.APItestingwithTestNG.Googleapi_Get -->
