<?xml version="1.0" encoding="UTF-8"?>
<!-- Generated by org.testng.reporters.JUnitReportReporter -->
<testsuite hostname="LAPTOP-G15D87LQ" failures="0" tests="1" name="APITesting.APItestingwithTestNG.Get_assert_responsebody" time="3.340" errors="0" timestamp="07 Jul 2019 18:23:58 GMT" skipped="0">
  <testcase classname="APITesting.APItestingwithTestNG.Get_assert_responsebody" name="getweatherdetails" time="3.340"/>
</testsuite> <!-- APITesting.APItestingwithTestNG.Get_assert_responsebody -->
