<?xml version="1.0" encoding="UTF-8"?>
<!-- Generated by org.testng.reporters.JUnitReportReporter -->
<testsuite hostname="LAPTOP-G15D87LQ" failures="0" tests="1" name="APITesting.APItestingwithTestNG.Rest_allhedervalidation" time="9.684" errors="0" timestamp="07 Jul 2019 17:12:27 GMT" skipped="0">
  <testcase classname="APITesting.APItestingwithTestNG.Rest_allhedervalidation" name="googleMapTest" time="9.684"/>
</testsuite> <!-- APITesting.APItestingwithTestNG.Rest_allhedervalidation -->
