<?xml version="1.0" encoding="UTF-8"?>
<!-- Generated by org.testng.reporters.JUnitReportReporter -->
<testsuite hostname="LAPTOP-G15D87LQ" failures="0" tests="1" name="APITesting.APItestingwithTestNG.Post_Registation" time="4.736" errors="0" timestamp="07 Jul 2019 03:58:44 GMT" skipped="0">
  <testcase classname="APITesting.APItestingwithTestNG.Post_Registation" name="egistrationSuccessful" time="4.736"/>
</testsuite> <!-- APITesting.APItestingwithTestNG.Post_Registation -->
